2021-10-19 18:07:11,984 [Thread-2] INFO  c.s.s.s.i.LessonServiceImpl                        - Lesson successfully deleted! 
2021-10-19 18:07:48,214 [Thread-2] INFO  c.s.s.s.i.LessonServiceImpl                        - Lesson successfully deleted! 
2021-10-19 18:11:40,657 [Thread-2] INFO  c.s.s.s.i.LessonServiceImpl                        - Lesson successfully deleted! 
2021-10-19 18:12:52,844 [Thread-2] INFO  c.s.s.s.i.LessonServiceImpl                        - Lesson successfully deleted! 
2021-10-19 18:16:00,054 [Thread-2] INFO  c.s.s.s.i.LessonServiceImpl                        - Lesson successfully deleted! 
2021-10-19 18:38:29,819 [Thread-2] INFO  c.s.s.s.i.LessonServiceImpl                        - Lesson successfully deleted! 
2021-10-19 18:39:19,466 [Thread-2] INFO  c.s.s.s.i.LessonServiceImpl                        - Lesson successfully deleted!
2021-10-19 19:17:23,120 [http-nio-8081-exec-4] INFO  c.s.s.s.i.LessonServiceImpl                        - Lesson successfully deleted!
2021-10-19 19:19:55,863 [http-nio-8081-exec-8] INFO  c.s.s.s.i.LessonServiceImpl                        - Lesson successfully deleted!
2021-10-19 19:20:03,363 [http-nio-8081-exec-1] INFO  c.s.s.s.i.LessonServiceImpl                        - Lesson successfully deleted!
2021-10-19 19:25:21,106 [http-nio-8081-exec-2] ERROR c.s.s.c.LessonController                           -  - Specialty has been successfully deleted! 
2021-10-19 19:25:26,215 [http-nio-8081-exec-4] ERROR c.s.s.c.LessonController                           -  - Specialty has been successfully deleted! 
2021-10-19 19:26:34,304 [http-nio-8081-exec-2] ERROR c.s.s.c.LessonController                           -  - Specialty has been successfully deleted! 
2021-10-19 19:26:36,991 [http-nio-8081-exec-4] ERROR c.s.s.c.LessonController                           -  - Specialty has been successfully deleted! 
2021-10-19 19:26:39,048 [http-nio-8081-exec-6] ERROR c.s.s.c.LessonController                           -  - Specialty has been successfully deleted! 
2021-10-19 19:29:13,355 [http-nio-8081-exec-2] ERROR c.s.s.c.LessonController                           - My deleted specialty - Specialty has been successfully deleted! 
2021-10-19 19:29:16,270 [http-nio-8081-exec-4] ERROR c.s.s.c.LessonController                           - My deleted specialty - Specialty has been successfully deleted! 
2021-10-19 19:29:18,406 [http-nio-8081-exec-6] ERROR c.s.s.c.LessonController                           - My deleted specialty - Specialty has been successfully deleted! 
2021-10-19 19:29:41,451 [http-nio-8081-exec-8] ERROR c.s.s.c.LessonController                           -  - Specialty 'njjjnjj'-'1' has been successfully added! 
2021-10-19 19:29:41,452 [http-nio-8081-exec-8] INFO  c.s.s.c.SpecialtyController                        -  - Specialty njjjnjj-1 added 
2021-10-19 19:29:44,928 [http-nio-8081-exec-10] ERROR c.s.s.c.LessonController                           -  - Specialty 'jjjnjn'-'1' has been successfully added! 
2021-10-19 19:29:44,928 [http-nio-8081-exec-10] INFO  c.s.s.c.SpecialtyController                        -  - Specialty jjjnjn-1 added 
2021-10-19 19:29:47,746 [http-nio-8081-exec-2] ERROR c.s.s.c.LessonController                           - My deleted specialty - Specialty 'jnjnjnjnj'-'1' has been successfully added! 
2021-10-19 19:29:47,746 [http-nio-8081-exec-2] INFO  c.s.s.c.SpecialtyController                        - My deleted specialty - Specialty jnjnjnjnj-1 added 
2021-10-19 19:29:50,794 [http-nio-8081-exec-4] ERROR c.s.s.c.LessonController                           - My deleted specialty - Specialty has been successfully deleted! 
2021-10-19 19:29:52,971 [http-nio-8081-exec-6] ERROR c.s.s.c.LessonController                           - My deleted specialty - Specialty has been successfully deleted! 
2021-10-19 19:29:55,763 [http-nio-8081-exec-8] ERROR c.s.s.c.LessonController                           - My deleted specialty - Specialty has been successfully deleted! 
2021-10-19 19:31:27,581 [http-nio-8081-exec-2] INFO  c.s.s.c.LessonController                           - My deleted specialty 1 - Specialty has been successfully deleted! 
2021-10-19 19:31:29,669 [http-nio-8081-exec-4] INFO  c.s.s.c.LessonController                           - My deleted specialty 2 - Specialty has been successfully deleted! 
2021-10-19 19:31:32,031 [http-nio-8081-exec-6] INFO  c.s.s.c.LessonController                           - My deleted specialty 3 - Specialty has been successfully deleted! 
2021-10-19 19:31:45,540 [http-nio-8081-exec-8] ERROR c.s.s.c.LessonController                           -  - Specialty 'kknk'-'1' has been successfully added! 
2021-10-19 19:31:45,541 [http-nio-8081-exec-8] INFO  c.s.s.c.SpecialtyController                        -  - Specialty kknk-1 added 
2021-10-19 19:31:47,725 [http-nio-8081-exec-10] INFO  c.s.s.c.LessonController                           - My deleted specialty 13 - Specialty has been successfully deleted! 
2021-10-19 20:41:22,538 [http-nio-8081-exec-3] INFO  c.s.s.c.LessonController                           - Specialty has been successfully deleted! 
2021-10-19 20:41:25,524 [http-nio-8081-exec-5] INFO  c.s.s.c.LessonController                           - Specialty has been successfully deleted! 
2021-10-19 20:41:28,189 [http-nio-8081-exec-7] INFO  c.s.s.c.LessonController                           - Specialty has been successfully deleted! 
2021-10-19 20:41:58,586 [http-nio-8081-exec-2] INFO  c.s.s.c.LessonController                           - Specialty has been successfully deleted! 
2021-10-19 20:42:01,747 [http-nio-8081-exec-4] INFO  c.s.s.c.LessonController                           - Specialty has been successfully deleted! 
2021-10-19 20:42:04,662 [http-nio-8081-exec-6] INFO  c.s.s.c.LessonController                           - Specialty has been successfully deleted! 
2021-10-19 20:42:46,054 [http-nio-8081-exec-2] INFO  c.s.s.c.LessonController                           - Specialty 'd'-'1' has been successfully added! 
2021-10-19 20:42:51,171 [http-nio-8081-exec-4] INFO  c.s.s.c.LessonController                           - Specialty has been successfully deleted! 
2021-10-19 23:43:31,950 [http-nio-8081-exec-3] INFO  c.s.s.c.LessonController                           - Specialty has been successfully deleted! 
2021-10-19 23:43:35,551 [http-nio-8081-exec-5] INFO  c.s.s.c.LessonController                           - Specialty has been successfully deleted! 
