2021-10-19 18:39:19,466 [Thread-2] INFO  c.s.s.s.i.LessonServiceImpl                        - Lesson successfully deleted! - Lesson{id=11,time=10:00-11:20,subject=Subject 1,teacher=Teacher 2,group=1,weeks=1-15,room=216,dayOfWeek=MONDAY}2021-10-19 22:59:04,022 [Thread-2] INFO  c.s.s.s.i.LessonServiceImpl                        - Lesson successfully deleted! - Lesson{id=10,time=8:30-9:50,subject=Subject 1,teacher=Teacher 1,group=lecture,weeks=1-15,room=215,dayOfWeek=MONDAY} 
2021-10-19 22:59:09,899 [Thread-4] INFO  c.s.s.s.i.LessonServiceImpl                        - Lesson successfully deleted! - Lesson{id=11,time=10:00-11:20,subject=Subject 1,teacher=Teacher 2,group=1,weeks=1-15,room=216,dayOfWeek=MONDAY} 
2021-10-20 16:04:59,034 [Thread-2] INFO  c.s.s.s.i.LessonServiceImpl                        - Lesson successfully deleted! - Lesson{id=12,time=11:40-13:00,subject=Subject 2,teacher=Teacher 3,group=2,weeks=1-15,room=216,dayOfWeek=MONDAY} 
2021-10-26 19:20:26,640 [Thread-2] INFO  c.s.s.s.i.LessonServiceImpl                        - Lesson successfully deleted! - Lesson{id=10,time=8:30-9:50,subject=Subject 1,teacher=Teacher 1,group=lecture,weeks=1-15,room=215,dayOfWeek=MONDAY} 
2021-10-26 19:21:05,941 [Thread-3] INFO  c.s.s.s.i.LessonServiceImpl                        - Lesson successfully deleted! - Lesson{id=11,time=10:00-11:20,subject=Subject 1,teacher=Teacher 2,group=1,weeks=1-15,room=216,dayOfWeek=MONDAY} 
2021-10-26 21:41:26,150 [http-nio-8081-exec-4] INFO  c.s.s.s.i.LessonServiceImpl                        - Lesson successfully deleted! -  
2021-10-26 21:41:31,495 [http-nio-8081-exec-5] INFO  c.s.s.s.i.LessonServiceImpl                        - Lesson successfully deleted! -  
2021-10-26 21:43:10,485 [http-nio-8081-exec-3] INFO  c.s.s.s.i.LessonServiceImpl                        - Lesson successfully deleted! -  
2021-11-10 20:37:06,309 [http-nio-8081-exec-6] INFO  c.s.s.s.i.LessonServiceImpl                        - Lesson successfully deleted! -  
2021-11-10 20:38:05,748 [http-nio-8081-exec-1] INFO  c.s.s.s.i.LessonServiceImpl                        - Lesson successfully deleted! -  
2021-11-10 20:38:45,093 [http-nio-8081-exec-2] INFO  c.s.s.s.i.LessonServiceImpl                        - Lesson successfully deleted! -  
2021-11-10 20:40:19,683 [http-nio-8081-exec-2] INFO  c.s.s.s.i.LessonServiceImpl                        - Lesson successfully deleted! -  
2021-11-10 22:45:16,372 [http-nio-8081-exec-5] INFO  c.s.s.s.i.LessonServiceImpl                        - Lesson successfully deleted! -  
2021-11-11 08:50:14,136 [http-nio-8081-exec-2] INFO  c.s.s.s.i.LessonServiceImpl                        - Lesson successfully deleted! -  
2021-12-01 16:06:30,339 [Thread-2] INFO  c.s.s.s.i.LessonServiceImpl                        - Lesson successfully deleted! - Lesson{id=10,time=8:30-9:50,subject=Subject 1,teacher=Teacher 1,group=lecture,weeks=1-15,room=215,dayOfWeek=MONDAY} 
2021-12-01 17:24:48,518 [http-nio-8081-exec-10] INFO  c.s.s.s.i.LessonServiceImpl                        - Lesson successfully deleted! - Lesson{id=10,time=18:00-19:20,subject=Subject 3,teacher=Teacher 3,group=2,weeks=43,room=Remotely,dayOfWeek=TUESDAY} 
2021-12-01 18:26:58,485 [http-nio-8081-exec-5] INFO  c.s.s.s.i.LessonServiceImpl                        - Lesson successfully deleted! - Lesson{id=11,time=10:00-11:20,subject=Subject 1,teacher=Teacher 2,group=1,weeks=1-15,room=216,dayOfWeek=MONDAY} 
2021-12-01 18:22:56,379 [Thread-2] INFO  c.s.s.s.i.LessonServiceImpl                        - Lesson successfully deleted! - Lesson{id=12,time=11:40-13:00,subject=Subject 2,teacher=Teacher 3,group=2,weeks=1-15,room=216,dayOfWeek=MONDAY} 
2021-12-01 18:29:06,543 [Thread-2] INFO  c.s.s.s.i.LessonServiceImpl                        - Lesson successfully deleted! - Lesson{id=11,time=10:00-11:20,subject=Subject 1,teacher=Teacher 2,group=1,weeks=1-15,room=216,dayOfWeek=MONDAY} 
2021-12-01 18:35:10,756 [Thread-2] INFO  c.s.s.s.i.LessonServiceImpl                        - Lesson successfully deleted! - Lesson{id=12,time=11:40-13:00,subject=Subject 2,teacher=Teacher 3,group=2,weeks=1-15,room=216,dayOfWeek=MONDAY} 
2021-12-01 18:44:44,120 [http-nio-8081-exec-2] INFO  c.s.s.s.i.LessonServiceImpl                        - Lesson successfully deleted! - Lesson{id=10,time=8:30-9:50,subject=Subject 1,teacher=Teacher 1,group=lecture,weeks=1-15,room=215,dayOfWeek=MONDAY} 
2021-12-03 18:40:06,973 [http-nio-8081-exec-7] INFO  c.s.s.s.i.LessonServiceImpl                        - Lesson successfully deleted! - Lesson{id=11,time=10:00-11:20,subject=Subject 1,teacher=Teacher 2,group=1,weeks=1-15,room=216,dayOfWeek=MONDAY} 
2021-12-03 18:46:07,517 [http-nio-8081-exec-5] INFO  c.s.s.s.i.LessonServiceImpl                        - Lesson successfully deleted! - Lesson{id=11,time=10:00-11:20,subject=Subject 1,teacher=Teacher 2,group=1,weeks=1-15,room=216,dayOfWeek=MONDAY} 
2021-12-03 18:49:22,098 [http-nio-8081-exec-9] INFO  c.s.s.s.i.LessonServiceImpl                        - Lesson successfully deleted! - Lesson{id=13,time=8:30-9:50,subject=Subject 1,teacher=Teacher 1,group=lecture,weeks=2-14,room=Remotely,dayOfWeek=MONDAY} 
2021-12-03 18:50:23,674 [http-nio-8081-exec-5] INFO  c.s.s.s.i.LessonServiceImpl                        - Lesson successfully deleted! - Lesson{id=10,time=8:30-9:50,subject=Subject 1,teacher=Teacher 1,group=lecture,weeks=1-15,room=215,dayOfWeek=MONDAY} 
2021-12-03 18:58:20,244 [http-nio-8081-exec-7] INFO  c.s.s.s.i.LessonServiceImpl                        - Lesson successfully deleted! - Lesson{id=10,time=8:30-9:50,subject=Subject 1,teacher=Teacher 1,group=lecture,weeks=1-15,room=215,dayOfWeek=MONDAY} 
2021-12-03 18:58:35,669 [http-nio-8081-exec-9] INFO  c.s.s.s.i.LessonServiceImpl                        - Lesson successfully deleted! - Lesson{id=11,time=10:00-11:20,subject=Subject 1,teacher=Teacher 2,group=1,weeks=1-15,room=216,dayOfWeek=MONDAY} 
2021-12-03 19:01:40,004 [http-nio-8081-exec-7] INFO  c.s.s.s.i.LessonServiceImpl                        - Lesson successfully deleted! - Lesson{id=10,time=8:30-9:50,subject=Subject 1,teacher=Teacher 1,group=lecture,weeks=1-15,room=215,dayOfWeek=MONDAY} 
2021-12-03 19:02:32,627 [http-nio-8081-exec-5] INFO  c.s.s.s.i.LessonServiceImpl                        - Lesson successfully deleted! - Lesson{id=10,time=8:30-9:50,subject=Subject 1,teacher=Teacher 1,group=lecture,weeks=1-15,room=215,dayOfWeek=MONDAY} 
2021-12-03 19:02:58,671 [http-nio-8081-exec-5] INFO  c.s.s.s.i.LessonServiceImpl                        - Lesson successfully deleted! - Lesson{id=10,time=8:30-9:50,subject=Subject 1,teacher=Teacher 1,group=lecture,weeks=1-15,room=215,dayOfWeek=MONDAY} 
2021-12-03 19:09:11,094 [http-nio-8081-exec-7] INFO  c.s.s.s.i.LessonServiceImpl                        - Lesson successfully deleted! - Lesson{id=13,time=8:30-9:50,subject=Subject 1,teacher=Teacher 1,group=lecture,weeks=2-14,room=Remotely,dayOfWeek=MONDAY} 
2021-12-03 19:17:20,547 [http-nio-8081-exec-5] INFO  c.s.s.s.i.LessonServiceImpl                        - Lesson successfully deleted! - Lesson{id=10,time=8:30-9:50,subject=Subject 1,teacher=Teacher 1,group=lecture,weeks=1-15,room=215,dayOfWeek=MONDAY} 
2021-12-03 19:18:49,523 [http-nio-8081-exec-10] INFO  c.s.s.s.i.LessonServiceImpl                        - Lesson successfully deleted! - Lesson{id=11,time=10:00-11:20,subject=Subject 1,teacher=Teacher 2,group=1,weeks=1-15,room=216,dayOfWeek=MONDAY} 
2021-12-03 19:21:48,863 [http-nio-8081-exec-5] INFO  c.s.s.s.i.LessonServiceImpl                        - Lesson successfully deleted! - Lesson{id=10,time=8:30-9:50,subject=Subject 1,teacher=Teacher 1,group=lecture,weeks=1-15,room=215,dayOfWeek=MONDAY} 
2021-12-03 19:22:18,567 [http-nio-8081-exec-7] INFO  c.s.s.s.i.LessonServiceImpl                        - Lesson successfully deleted! - Lesson{id=11,time=10:00-11:20,subject=Subject 1,teacher=Teacher 2,group=1,weeks=1-15,room=216,dayOfWeek=MONDAY} 
2021-12-03 19:27:00,490 [http-nio-8081-exec-6] INFO  c.s.s.s.i.LessonServiceImpl                        - Lesson successfully deleted! - Lesson{id=10,time=8:30-9:50,subject=Subject 1,teacher=Teacher 1,group=lecture,weeks=1-15,room=215,dayOfWeek=MONDAY} 
2021-12-03 19:29:44,755 [http-nio-8081-exec-2] INFO  c.s.s.s.i.LessonServiceImpl                        - Lesson successfully deleted! - Lesson{id=10,time=8:30-9:50,subject=Subject 1,teacher=Teacher 1,group=lecture,weeks=1-15,room=215,dayOfWeek=MONDAY} 
2021-12-03 19:32:02,023 [http-nio-8081-exec-8] INFO  c.s.s.s.i.LessonServiceImpl                        - Lesson successfully deleted! - Lesson{id=11,time=10:00-11:20,subject=Subject 1,teacher=Teacher 2,group=1,weeks=1-15,room=216,dayOfWeek=MONDAY} 
2021-12-07 16:01:23,700 [http-nio-8081-exec-5] INFO  c.s.s.s.i.LessonServiceImpl                        - Lesson successfully deleted! - Lesson{id=10,time=8:30-9:50,subject=Subject 1,teacher=Teacher 1,group=lecture,weeks=1-15,room=215,dayOfWeek=MONDAY} 
2021-12-03 23:06:56,514 [http-nio-8081-exec-1] INFO  c.s.s.s.i.LessonServiceImpl                        - Lesson successfully deleted! - Lesson{id=12,time=11:40-13:00,subject=Subject 2,teacher=Teacher 3,group=2,weeks=1-15,room=216,dayOfWeek=MONDAY} 
2021-12-03 23:22:01,930 [http-nio-8081-exec-10] INFO  c.s.s.s.i.LessonServiceImpl                        - Lesson successfully deleted! - Lesson{id=10,time=8:30-9:50,subject=Subject 1,teacher=Teacher 1,group=lecture,weeks=1-15,room=215,dayOfWeek=MONDAY} 
2021-12-07 18:49:41,451 [http-nio-8081-exec-1] INFO  c.s.s.s.i.LessonServiceImpl                        - Lesson successfully deleted! - Lesson{id=11,time=10:00-11:20,subject=Subject 1,teacher=Teacher 2,group=1,weeks=1-15,room=216,dayOfWeek=MONDAY} 
2021-12-07 18:57:56,344 [http-nio-8081-exec-3] INFO  c.s.s.s.i.LessonServiceImpl                        - Lesson successfully deleted! - Lesson{id=11,time=10:00-11:20,subject=Subject 1,teacher=Teacher 2,group=1,weeks=1-15,room=216,dayOfWeek=MONDAY} 
2021-12-07 19:22:44,315 [http-nio-8081-exec-7] INFO  c.s.s.s.i.LessonServiceImpl                        - Lesson successfully deleted! - Lesson{id=10,time=8:30-9:50,subject=Subject 1,teacher=Teacher 1,group=lecture,weeks=1-15,room=215,dayOfWeek=MONDAY} 
2021-12-07 19:36:47,572 [http-nio-8081-exec-1] INFO  c.s.s.s.i.LessonServiceImpl                        - Lesson successfully deleted! - Lesson{id=12,time=11:40-13:00,subject=Subject 2,teacher=Teacher 3,group=2,weeks=1-15,room=216,dayOfWeek=MONDAY} 
2021-12-07 19:37:25,307 [http-nio-8081-exec-9] INFO  c.s.s.s.i.LessonServiceImpl                        - Lesson successfully deleted! - Lesson{id=11,time=10:00-11:20,subject=Subject 2,teacher=Teacher 3,group=4,weeks=1-15,room=216,dayOfWeek=MONDAY} 
2021-12-08 17:45:14,058 [http-nio-8081-exec-2] INFO  c.s.s.s.i.LessonServiceImpl                        - Lesson successfully deleted! - Lesson{id=12,time=11:40-13:00,subject=Subject 2,teacher=Teacher 3,group=2,weeks=1-15,room=216,dayOfWeek=MONDAY} 
2021-12-08 18:04:20,708 [http-nio-8081-exec-10] INFO  c.s.s.s.i.LessonServiceImpl                        - Lesson successfully deleted! - Lesson{id=12,time=11:40-13:00,subject=Subject 2,teacher=Teacher 3,group=2,weeks=1-15,room=216,dayOfWeek=MONDAY} 
