2021-10-27 16:45:17,696 [http-nio-8081-exec-2] INFO  c.s.s.c.LessonController                           - Specialty 'Сітьков Ілля'-'1' has been successfully added! 
2021-10-27 16:47:39,882 [http-nio-8081-exec-4] INFO  c.s.s.c.LessonController                           - Specialty 'New Specialty'-'4' has been successfully added! 
2021-10-27 16:49:19,743 [http-nio-8081-exec-1] INFO  c.s.s.c.LessonController                           - Specialty 'New Specialty'-'4' has been successfully added! 
2021-10-27 16:49:28,008 [http-nio-8081-exec-3] ERROR c.s.s.c.LessonController                           - Specialty 'New Specialty'-'4' already exists. Specialty has not been added! 
2021-10-27 16:50:04,512 [http-nio-8081-exec-9] INFO  c.s.s.c.LessonController                           - Specialty 'jkjkjk'-'4' has been successfully added! 
2021-10-27 16:52:07,852 [http-nio-8081-exec-1] INFO  c.s.s.c.LessonController                           - Specialty 'jkjkjk'-'4' has been successfully added! 
2021-10-27 16:52:25,452 [http-nio-8081-exec-3] INFO  c.s.s.c.LessonController                           - Specialty has not been changed as the new specialty is the exact old specialty! 
2021-10-27 16:52:37,136 [http-nio-8081-exec-4] ERROR c.s.s.c.LessonController                           - Specialty 'IPZ'-'4' already exists. Specialty has not been updated! 
2021-10-27 16:52:44,428 [http-nio-8081-exec-6] INFO  c.s.s.c.LessonController                           - Specialty has not been changed as the new specialty is the exact old specialty! 
2021-10-27 16:52:48,653 [http-nio-8081-exec-7] ERROR c.s.s.c.LessonController                           - Specialty 'IPZ'-'4' already exists. Specialty has not been updated! 
2021-10-27 17:51:05,638 [http-nio-8081-exec-8] INFO  c.s.s.c.SubjectController                          - Subject My Paint with 2 groups has been successfully added! 
2021-10-27 17:55:54,419 [http-nio-8081-exec-5] INFO  c.s.s.c.SubjectController                          - Subject My Paint with 5 groups has been successfully added! 
2021-10-27 17:56:05,894 [http-nio-8081-exec-7] ERROR c.s.s.c.SubjectController                          - Subject My Paint with 4 groups has not been added! 
2021-10-27 17:56:30,752 [http-nio-8081-exec-9] ERROR c.s.s.c.SubjectController                          - Subject My Paint with 6 groups has not been added! 
2021-10-27 17:56:48,706 [http-nio-8081-exec-1] ERROR c.s.s.c.SubjectController                          - Subject My Paint with 10 groups has not been added! 
2021-10-27 17:57:43,779 [http-nio-8081-exec-2] INFO  c.s.s.c.SubjectController                          - Subject My Paint with 2 groups has been successfully added! 
2021-10-27 18:00:14,602 [http-nio-8081-exec-1] INFO  c.s.s.c.LessonController                           - Specialty 'My Paint'-'1' has been successfully added! 
2021-10-27 18:11:23,390 [http-nio-8081-exec-4] INFO  c.s.s.c.SubjectController                          - Subject My Paint with 3 groups has been successfully added! 
2021-10-27 18:11:39,885 [http-nio-8081-exec-6] INFO  c.s.s.c.LessonController                           - Specialty 'My Paint'-'1' has been successfully added! 
2021-10-27 18:14:49,803 [http-nio-8081-exec-9] ERROR c.s.s.c.SubjectController                          - Subject My Paint with 9 groups has not been added! 
2021-10-27 18:16:26,214 [http-nio-8081-exec-8] INFO  c.s.s.c.SubjectController                          - Subject Сітьков Ілля with 8 groups has been successfully added! 
2021-10-27 18:17:11,733 [http-nio-8081-exec-3] INFO  c.s.s.c.LessonController                           - Specialty 'Sitkov Illia'-'1' has been successfully added! 
2021-10-27 18:23:58,336 [http-nio-8081-exec-2] INFO  c.s.s.c.LessonController                           - Specialty 'new spec'-'1' has been successfully added! 
2021-10-27 18:27:51,467 [http-nio-8081-exec-2] INFO  c.s.s.c.LessonController                           - Specialty 'My Paint'-'1' has been successfully added! 
2021-10-27 18:29:59,440 [http-nio-8081-exec-6] INFO  c.s.s.c.SubjectController                          - Subject Subj 4 with 8 groups has been successfully added! 
2021-10-27 18:30:13,075 [http-nio-8081-exec-8] INFO  c.s.s.c.LessonController                           - Specialty 'new spec'-'1' has been successfully added! 
2021-10-27 18:30:13,086 [http-nio-8081-exec-8] INFO  c.s.s.c.LessonController                           - Specialty has been successfully deleted! 
2021-10-27 18:31:47,331 [http-nio-8081-exec-2] INFO  c.s.s.c.SubjectController                          - Subject Subj 4 with 7 groups has been successfully added! 
2021-10-27 18:32:06,541 [http-nio-8081-exec-4] INFO  c.s.s.c.LessonController                           - Specialty 'new spec'-'1' has been successfully added! 
2021-10-27 18:32:06,558 [http-nio-8081-exec-4] INFO  c.s.s.c.LessonController                           - Specialty has been successfully deleted! 
2021-10-27 19:08:14,435 [http-nio-8081-exec-2] INFO  c.s.s.c.SubjectController                          - Subject My Paint with 8 groups has been successfully added! 
2021-10-27 19:12:04,986 [http-nio-8081-exec-2] INFO  c.s.s.c.SubjectController                          - Subject My Paint with 7 groups has been successfully added! 
2021-10-27 19:13:08,162 [http-nio-8081-exec-2] INFO  c.s.s.c.SubjectController                          - Subject My Paint with 8 groups has been successfully added! 
2021-10-27 19:17:37,339 [http-nio-8081-exec-1] ERROR c.s.s.c.LessonController                           - Specialty 'IPZ'-'4' already exists. Specialty has not been updated! 
2021-10-27 19:18:01,665 [http-nio-8081-exec-4] INFO  c.s.s.c.LessonController                           - Specialty has not been changed as the new specialty is the exact old specialty! 
2021-10-27 19:18:01,684 [http-nio-8081-exec-4] INFO  c.s.s.c.LessonController                           - Specialty has been successfully updated to 'new spec'-'4'! 
2021-10-27 19:18:13,140 [http-nio-8081-exec-5] ERROR c.s.s.c.LessonController                           - Specialty 'new spec'-'4' already exists. Specialty has not been updated! 
2021-10-27 19:31:14,960 [http-nio-8081-exec-1] INFO  c.s.s.c.LessonController                           - Specialty has been successfully updated to 'new spec 1'-'4'! 
2021-10-27 19:32:12,010 [http-nio-8081-exec-3] ERROR c.s.s.c.LessonController                           - Specialty 'new spec 1'-'4' already exists. Specialty has not been updated! 
2021-10-27 19:33:18,852 [http-nio-8081-exec-8] ERROR c.s.s.c.LessonController                           - Specialty 'new spec 2'-'4' already exists. Specialty has not been updated! 
2021-10-27 19:34:35,296 [http-nio-8081-exec-2] INFO  c.s.s.c.LessonController                           - Specialty has been successfully updated to 'new spec 2'-'3'! 
2021-10-27 19:34:39,194 [http-nio-8081-exec-3] INFO  c.s.s.c.LessonController                           - Specialty has not been changed as the new specialty is the exact old specialty! 
2021-10-27 19:34:43,337 [http-nio-8081-exec-4] ERROR c.s.s.c.LessonController                           - Specialty 'new spec 2'-'3' already exists. Specialty has not been updated! 
2021-10-27 19:42:12,294 [http-nio-8081-exec-3] ERROR c.s.s.c.LessonController                           - Specialty 'new spec 7'-'3' already exists. Specialty has not been updated! 
2021-10-27 19:59:55,304 [http-nio-8081-exec-3] ERROR c.s.s.c.LessonController                           - Specialty 'new spec 9'-'3' already exists. Specialty has not been updated! 
