2021-10-19 22:56:42,022 [http-nio-8081-exec-2] INFO  c.s.s.s.i.LoginServiceImpl                         - User logged in: vovan : 1234 
2021-10-19 22:58:58,265 [http-nio-8081-exec-4] INFO  c.s.s.s.i.LoginServiceImpl                         - User logged in: vovan : 1234 
2021-10-19 22:59:41,332 [http-nio-8081-exec-4] INFO  c.s.s.s.i.UserProfileServiceImpl                   - User password changed: vovan : New password = 12342233 
2021-10-19 23:21:35,991 [http-nio-8081-exec-1] FATAL c.s.s.c.UserProfileController                      - Unauthorized session! 
2021-10-20 13:46:24,221 [http-nio-8081-exec-7] FATAL c.s.s.c.UserProfileController                      - Unauthorized session! 
2021-10-20 21:18:55,582 [http-nio-8081-exec-2] FATAL c.s.s.c.UserProfileController                      - Unauthorized session! 
2021-10-20 21:19:16,403 [http-nio-8081-exec-3] FATAL c.s.s.c.UserProfileController                      - Unauthorized session! 
2021-10-20 21:19:47,670 [http-nio-8081-exec-5] ERROR c.s.s.s.i.LoginServiceImpl                         - Wrong role code: 123123 
2021-10-20 21:20:05,034 [http-nio-8081-exec-7] ERROR c.s.s.s.i.LoginServiceImpl                         - Wrong role code: prodadmincode 
2021-10-20 21:20:34,525 [http-nio-8081-exec-7] ERROR c.s.s.s.i.LoginServiceImpl                         - Wrong role code: prodadmincode 
2021-10-20 21:06:31,164 [http-nio-8081-exec-9] FATAL c.s.s.c.UserProfileController                      - Unauthorized session! 
2021-10-20 21:06:50,315 [http-nio-8081-exec-3] FATAL c.s.s.c.UserProfileController                      - Unauthorized session! 
2021-10-20 22:40:23,316 [http-nio-8081-exec-3] FATAL c.s.s.c.UserProfileController                      - Unauthorized session! 
2021-11-10 22:45:15,356 [http-nio-8081-exec-5] ERROR c.s.s.s.i.LoginServiceImpl                         - User not found: v 
2021-11-10 22:45:15,420 [http-nio-8081-exec-6] INFO  c.s.s.s.i.LoginServiceImpl                         - User registrated: gleb : 5555 : ADMIN 
2021-11-10 22:45:15,517 [http-nio-8081-exec-8] INFO  c.s.s.s.i.LoginServiceImpl                         - User deleted: ilya : 4321 
2021-11-10 22:45:15,581 [http-nio-8081-exec-2] INFO  c.s.s.s.i.UserProfileServiceImpl                   - User password changed: vovan : New password = 6666 
2021-11-10 22:45:15,615 [http-nio-8081-exec-1] ERROR c.s.s.s.i.UserProfileServiceImpl                   - Wrong previous password: 1234 
2021-11-17 13:52:37,426 [http-nio-8081-exec-6] FATAL c.s.s.c.UserProfileController                      - Unauthorized session! 
2021-11-17 14:41:54,200 [http-nio-8081-exec-6] FATAL c.s.s.c.UserProfileController                      - Unauthorized session! 
2021-11-17 16:31:55,308 [http-nio-8081-exec-13] FATAL c.s.s.c.UserProfileController                      - Unauthorized session! 
2021-11-17 21:20:50,747 [http-nio-8081-exec-6] FATAL c.s.s.c.UserProfileController                      - Unauthorized session! 
2021-11-17 21:21:25,704 [http-nio-8081-exec-5] FATAL c.s.s.c.UserProfileController                      - Unauthorized session! 
2021-11-17 23:10:03,559 [http-nio-8081-exec-4] ERROR c.s.s.s.i.UserServiceImpl                          - Login is already in use: vovan 
2021-11-17 23:10:13,422 [http-nio-8081-exec-5] INFO  c.s.s.s.i.UserServiceImpl                          - User registrated: vovan1 : 1234 : REGULAR 
2021-11-17 23:10:29,516 [http-nio-8081-exec-3] FATAL c.s.s.c.UserProfileController                      - Unauthorized session! 
2021-11-17 23:10:47,807 [http-nio-8081-exec-1] FATAL c.s.s.c.UserProfileController                      - Unauthorized session! 
2021-12-02 09:25:26,762 [main] INFO  c.s.s.s.i.UserServiceImpl                          - User deleted: ilya 
2021-12-02 09:25:27,079 [main] INFO  c.s.s.s.i.UserServiceImpl                          - User registrated: gleb : 0000 : ADMIN 
2021-12-10 00:36:26,367 [http-nio-8081-exec-10] INFO  c.s.s.s.i.UserServiceImpl                          - User registrated: vovan1 : 123123 : ADMIN 
2021-12-10 01:13:55,985 [http-nio-9090-exec-2] INFO  c.s.s.s.i.UserServiceImpl                          - User registrated: vovan : 1234 : ADMIN 
2021-12-10 01:15:46,808 [http-nio-9090-exec-6] INFO  c.s.s.s.i.UserServiceImpl                          - User registrated: vovan : 1234 : ADMIN 
2021-12-10 01:30:52,223 [main] INFO  c.s.s.s.i.UserServiceImpl                          - User deleted: ilya 
2021-12-10 01:30:52,310 [main] INFO  c.s.s.s.i.UserServiceImpl                          - User registrated: gleb : 0000 : ADMIN 
2021-12-10 01:39:03,163 [main] INFO  c.s.s.s.i.UserServiceImpl                          - User deleted: ilya 
2021-12-10 01:39:03,210 [main] INFO  c.s.s.s.i.UserServiceImpl                          - User registrated: gleb : 0000 : ADMIN 
2021-12-10 01:45:25,108 [http-nio-9090-exec-8] INFO  c.s.s.s.i.UserServiceImpl                          - User registrated: vovan : 1234 : ADMIN 
