anonymousUser (ROLE_ANONYMOUS)  --- /login 
vovan (ROLE_ADMIN)  --- / 
vovan (ROLE_ADMIN)  --- /REST/lessons/all 
vovan (ROLE_ADMIN)  --- /REST/lessons/delete/8 
vovan (ROLE_ADMIN)  --- /REST/lessons/7 
vovan (ROLE_ADMIN)  --- /REST/lessons/8 
vovan (ROLE_ADMIN)  --- /REST/lessons/9 
vovan (ROLE_ADMIN)  --- /REST/lessons/11 
vovan (ROLE_ADMIN)  --- /REST/lessons/11 
vovan (ROLE_ADMIN)  --- /REST/lessons/11 
vovan (ROLE_ADMIN)  --- / 
vovan (ROLE_ADMIN)  --- / 
vovan (ROLE_ADMIN)  --- / 
anonymousUser (ROLE_ANONYMOUS)  --- /login 
ilya (ROLE_REGULAR)  --- /REST/lessons/all 
ilya (ROLE_REGULAR)  --- /REST/lessons/10 
anonymousUser (ROLE_ANONYMOUS)  --- /login 
anonymousUser (ROLE_ANONYMOUS)  --- /login 
anonymousUser (ROLE_ANONYMOUS)  --- /login 
vovan (ROLE_ADMIN)  --- / 
vovan (ROLE_ADMIN)  --- /admin 
vovan (ROLE_ADMIN)  --- /favicon.ico 
vovan (ROLE_ADMIN)  --- /lesson/update/ 
vovan (ROLE_ADMIN)  --- / 
vovan (ROLE_ADMIN)  --- /admin 
anonymousUser (ROLE_ANONYMOUS)  --- /login 
anonymousUser (ROLE_ANONYMOUS)  --- /login 
vovan (ROLE_ADMIN)  --- / 
vovan (ROLE_ADMIN)  --- /admin 
vovan (ROLE_ADMIN)  --- /favicon.ico 
anonymousUser (ROLE_ANONYMOUS)  --- /login 
vovan (ROLE_ADMIN)  --- /admin 
vovan (ROLE_ADMIN)  --- / 
vovan (ROLE_ADMIN)  --- /admin 
vovan (ROLE_ADMIN)  --- / 
vovan (ROLE_ADMIN)  --- /admin 
anonymousUser (ROLE_ANONYMOUS)  --- /login 
vovan (ROLE_ADMIN)  --- / 
vovan (ROLE_ADMIN)  --- /admin 
anonymousUser (ROLE_ANONYMOUS)  --- /login 
vovan (ROLE_ADMIN)  --- /admin 
vovan (ROLE_ADMIN)  --- / 
vovan (ROLE_ADMIN)  --- /admin 
anonymousUser (ROLE_ANONYMOUS)  --- /login 
vovan (ROLE_ADMIN)  --- /admin 
vovan (ROLE_ADMIN)  --- / 
vovan (ROLE_ADMIN)  --- /admin 
vovan (ROLE_ADMIN)  --- / 
vovan (ROLE_ADMIN)  --- /admin 
vovan (ROLE_ADMIN)  --- /admin 
vovan (ROLE_ADMIN)  --- /admin 
anonymousUser (ROLE_ANONYMOUS)  --- /login 
vovan (ROLE_ADMIN)  --- /admin 
anonymousUser (ROLE_ANONYMOUS)  --- /login 
vovan (ROLE_ADMIN)  --- /admin 
vovan (ROLE_ADMIN)  --- / 
vovan (ROLE_ADMIN)  --- /admin 
anonymousUser (ROLE_ANONYMOUS)  --- /login 
vovan (ROLE_ADMIN)  --- /admin 
vovan (ROLE_ADMIN)  --- / 
vovan (ROLE_ADMIN)  --- /admin 
anonymousUser (ROLE_ANONYMOUS)  --- /login 
vovan (ROLE_ADMIN)  --- / 
vovan (ROLE_ADMIN)  --- / 
vovan (ROLE_ADMIN)  --- / 
anonymousUser (ROLE_ANONYMOUS)  --- /login 
vovan (ROLE_ADMIN)  --- / 
vovan (ROLE_ADMIN)  --- /admin 
anonymousUser (ROLE_ANONYMOUS)  --- /login 
vovan (ROLE_ADMIN)  --- /admin 
vovan (ROLE_ADMIN)  --- /login 
vovan (ROLE_ADMIN)  --- /admin 
anonymousUser (ROLE_ANONYMOUS)  --- /login 
vovan (ROLE_ADMIN)  --- /admin 
anonymousUser (ROLE_ANONYMOUS)  --- /login 
vovan (ROLE_ADMIN)  --- /admin 
anonymousUser (ROLE_ANONYMOUS)  --- /login 
vovan (ROLE_ADMIN)  --- /admin 
anonymousUser (ROLE_ANONYMOUS)  --- /login 
vovan (ROLE_ADMIN)  --- /admin 
anonymousUser (ROLE_ANONYMOUS)  --- /login 
vovan (ROLE_ADMIN)  --- /admin 
anonymousUser (ROLE_ANONYMOUS)  --- /login 
vovan (ROLE_ADMIN)  --- /admin 
anonymousUser (ROLE_ANONYMOUS)  --- /login 
vovan (ROLE_ADMIN)  --- /admin 
anonymousUser (ROLE_ANONYMOUS)  --- /login 
vovan (ROLE_ADMIN)  --- /admin 
anonymousUser (ROLE_ANONYMOUS)  --- /login 
vovan (ROLE_ADMIN)  --- / 
vovan (ROLE_ADMIN)  --- / 
anonymousUser (ROLE_ANONYMOUS)  --- /login 
vovan (ROLE_ADMIN)  --- / 
vovan (ROLE_ADMIN)  --- /admin 
anonymousUser (ROLE_ANONYMOUS)  --- /login 
vovan (ROLE_ADMIN)  --- /admin 
anonymousUser (ROLE_ANONYMOUS)  --- /login 
vovan (ROLE_ADMIN)  --- /admin 
anonymousUser (ROLE_ANONYMOUS)  --- /login 
vovan (ROLE_ADMIN)  --- /admin 
anonymousUser (ROLE_ANONYMOUS)  --- /login 
vovan (ROLE_ADMIN)  --- /admin 
anonymousUser (ROLE_ANONYMOUS)  --- /login 
anonymousUser (ROLE_ANONYMOUS)  --- /login 
vovan (ROLE_ADMIN)  --- /admin 
anonymousUser (ROLE_ANONYMOUS)  --- /login 
vovan (ROLE_ADMIN)  --- /admin 
anonymousUser (ROLE_ANONYMOUS)  --- /login 
vovan (ROLE_ADMIN)  --- /admin 
anonymousUser (ROLE_ANONYMOUS)  --- /login 
vovan (ROLE_ADMIN)  --- / 
vovan (ROLE_ADMIN)  --- /download/ 
vovan (ROLE_ADMIN)  --- /download/ 
anonymousUser (ROLE_ANONYMOUS)  --- /login 
vovan (ROLE_ADMIN)  --- / 
vovan (ROLE_ADMIN)  --- /download/ 
anonymousUser (ROLE_ANONYMOUS)  --- /login 
vovan (ROLE_ADMIN)  --- / 
vovan (ROLE_ADMIN)  --- /download/ 
anonymousUser (ROLE_ANONYMOUS)  --- /login 
vovan (ROLE_ADMIN)  --- / 
vovan (ROLE_ADMIN)  --- /download/ 
anonymousUser (ROLE_ANONYMOUS)  --- /login 
vovan (ROLE_ADMIN)  --- / 
vovan (ROLE_ADMIN)  --- /download/ 
anonymousUser (ROLE_ANONYMOUS)  --- /login 
vovan (ROLE_ADMIN)  --- / 
vovan (ROLE_ADMIN)  --- /download/ 
anonymousUser (ROLE_ANONYMOUS)  --- /login 
vovan (ROLE_ADMIN)  --- / 
vovan (ROLE_ADMIN)  --- /download/ 
anonymousUser (ROLE_ANONYMOUS)  --- /login 
anonymousUser (ROLE_ANONYMOUS)  --- /registration 
anonymousUser (ROLE_ANONYMOUS)  --- /login 
anonymousUser (ROLE_ANONYMOUS)  --- /login 
anonymousUser (ROLE_ANONYMOUS)  --- /login 
anonymousUser (ROLE_ANONYMOUS)  --- /registration 
anonymousUser (ROLE_ANONYMOUS)  --- /login 
vovan (ROLE_ADMIN)  --- / 
vovan (ROLE_ADMIN)  --- /login 
vovan (ROLE_ADMIN)  --- /download/ 
vovan (ROLE_ADMIN)  --- /download/ 
vovan (ROLE_ADMIN)  --- /admin 
vovan (ROLE_ADMIN)  --- /profile 
vovan (ROLE_ADMIN)  --- /admin 
anonymousUser (ROLE_ANONYMOUS)  --- /login 
anonymousUser (ROLE_ANONYMOUS)  --- /registration 
anonymousUser (ROLE_ANONYMOUS)  --- /registration 
anonymousUser (ROLE_ANONYMOUS)  --- /login 
vovan (ROLE_ADMIN)  --- / 
vovan (ROLE_ADMIN)  --- /login 
vovan (ROLE_ADMIN)  --- /profile 
vovan (ROLE_ADMIN)  --- / 
anonymousUser (ROLE_ANONYMOUS)  --- /login 
anonymousUser (ROLE_ANONYMOUS)  --- /registration 
anonymousUser (ROLE_ANONYMOUS)  --- /login 
vovan (ROLE_ADMIN)  --- / 
vovan (ROLE_ADMIN)  --- /login 
anonymousUser (ROLE_ANONYMOUS)  --- /login 
anonymousUser (ROLE_ANONYMOUS)  --- /registration 
anonymousUser (ROLE_ANONYMOUS)  --- /login 
vovan (ROLE_ADMIN)  --- / 
vovan (ROLE_ADMIN)  --- /login 
anonymousUser (ROLE_ANONYMOUS)  --- /login 
vovan (ROLE_ADMIN)  --- / 
vovan (ROLE_ADMIN)  --- /login 
anonymousUser (ROLE_ANONYMOUS)  --- /login 
vovan (ROLE_ADMIN)  --- / 
vovan (ROLE_ADMIN)  --- /login 
anonymousUser (ROLE_ANONYMOUS)  --- /login 
anonymousUser (ROLE_ANONYMOUS)  --- /login 
anonymousUser (ROLE_ANONYMOUS)  --- /login 
anonymousUser (ROLE_ANONYMOUS)  --- /login 
anonymousUser (ROLE_ANONYMOUS)  --- /login 
anonymousUser (ROLE_ANONYMOUS)  --- /registration 
anonymousUser (ROLE_ANONYMOUS)  --- /login 
vovan (ROLE_ADMIN)  --- / 
vovan (ROLE_ADMIN)  --- /login 
anonymousUser (ROLE_ANONYMOUS)  --- /login 
anonymousUser (ROLE_ANONYMOUS)  --- /registration 
anonymousUser (ROLE_ANONYMOUS)  --- /login 
vovan (ROLE_ADMIN)  --- / 
vovan (ROLE_ADMIN)  --- /admin 
anonymousUser (ROLE_ANONYMOUS)  --- /login 
vovan (ROLE_ADMIN)  --- / 
vovan (ROLE_ADMIN)  --- /admin 
anonymousUser (ROLE_ANONYMOUS)  --- /login 
ilya (ROLE_REGULAR)  --- / 
ilya (ROLE_REGULAR)  --- /download/ 
ilya (ROLE_REGULAR)  --- /profile 
ilya (ROLE_REGULAR)  --- /profile 
ilya (ROLE_REGULAR)  --- /profile/back 
ilya (ROLE_REGULAR)  --- / 
ilya (ROLE_REGULAR)  --- /profile 
ilya (ROLE_REGULAR)  --- / 
anonymousUser (ROLE_ANONYMOUS)  --- /login 
anonymousUser (ROLE_ANONYMOUS)  --- /login 
anonymousUser (ROLE_ANONYMOUS)  --- /login 
anonymousUser (ROLE_ANONYMOUS)  --- /login 
anonymousUser (ROLE_ANONYMOUS)  --- /login 
anonymousUser (ROLE_ANONYMOUS)  --- /login 
anonymousUser (ROLE_ANONYMOUS)  --- /login 
anonymousUser (ROLE_ANONYMOUS)  --- /login 
anonymousUser (ROLE_ANONYMOUS)  --- /login 
ilya (ROLE_REGULAR)  --- / 
ilya (ROLE_REGULAR)  --- /favicon.ico 
ilya (ROLE_REGULAR)  --- /profile 
ilya (ROLE_REGULAR)  --- / 
anonymousUser (ROLE_ANONYMOUS)  --- /login 
anonymousUser (ROLE_ANONYMOUS)  --- /login 
anonymousUser (ROLE_ANONYMOUS)  --- /login 
anonymousUser (ROLE_ANONYMOUS)  --- /login 
anonymousUser (ROLE_ANONYMOUS)  --- /login 
anonymousUser (ROLE_ANONYMOUS)  --- /login 
anonymousUser (ROLE_ANONYMOUS)  --- /login 
anonymousUser (ROLE_ANONYMOUS)  --- /login 
ilya (ROLE_REGULAR)  --- / 
ilya (ROLE_REGULAR)  --- /favicon.ico 
ilya (ROLE_REGULAR)  --- /profile 
ilya (ROLE_REGULAR)  --- /profile/back 
ilya (ROLE_REGULAR)  --- / 
anonymousUser (ROLE_ANONYMOUS)  --- /login 
vovan (ROLE_ADMIN)  --- / 
vovan (ROLE_ADMIN)  --- /admin 
vovan (ROLE_ADMIN)  --- /specialty/add 
vovan (ROLE_ADMIN)  --- / 
vovan (ROLE_ADMIN)  --- /admin 
vovan (ROLE_ADMIN)  --- /specialty/delete/ 
vovan (ROLE_ADMIN)  --- / 
anonymousUser (ROLE_ANONYMOUS)  --- /login 
vovan (ROLE_ADMIN)  --- /admin 
vovan (ROLE_ADMIN)  --- /specialty/update/ 
vovan (ROLE_ADMIN)  --- /admin 
anonymousUser (ROLE_ANONYMOUS)  --- /login 
vovan (ROLE_ADMIN)  --- / 
vovan (ROLE_ADMIN)  --- /admin 
vovan (ROLE_ADMIN)  --- /specialty/add 
vovan (ROLE_ADMIN)  --- /admin 
anonymousUser (ROLE_ANONYMOUS)  --- /login 
vovan (ROLE_ADMIN)  --- /admin 
vovan (ROLE_ADMIN)  --- /specialty/add 
vovan (ROLE_ADMIN)  --- /admin 
anonymousUser (ROLE_ANONYMOUS)  --- /login 
vovan (ROLE_ADMIN)  --- /specialty/add 
vovan (ROLE_ADMIN)  --- /admin 
anonymousUser (ROLE_ANONYMOUS)  --- /login 
vovan (ROLE_ADMIN)  --- /admin 
vovan (ROLE_ADMIN)  --- /specialty/add 
vovan (ROLE_ADMIN)  --- /admin 
anonymousUser (ROLE_ANONYMOUS)  --- /login 
vovan (ROLE_ADMIN)  --- /admin 
vovan (ROLE_ADMIN)  --- /specialty/add 
vovan (ROLE_ADMIN)  --- /admin 
anonymousUser (ROLE_ANONYMOUS)  --- /login 
vovan (ROLE_ADMIN)  --- /admin 
vovan (ROLE_ADMIN)  --- /specialty/add 
vovan (ROLE_ADMIN)  --- /admin 
anonymousUser (ROLE_ANONYMOUS)  --- /login 
vovan (ROLE_ADMIN)  --- /admin 
vovan (ROLE_ADMIN)  --- /specialty/add 
vovan (ROLE_ADMIN)  --- /admin 
anonymousUser (ROLE_ANONYMOUS)  --- /login 
vovan (ROLE_ADMIN)  --- /admin 
vovan (ROLE_ADMIN)  --- /specialty/add 
vovan (ROLE_ADMIN)  --- /admin 
anonymousUser (ROLE_ANONYMOUS)  --- /login 
vovan (ROLE_ADMIN)  --- /admin 
vovan (ROLE_ADMIN)  --- /specialty/add 
vovan (ROLE_ADMIN)  --- /admin 
anonymousUser (ROLE_ANONYMOUS)  --- /login 
vovan (ROLE_ADMIN)  --- /admin 
vovan (ROLE_ADMIN)  --- /specialty/add 
vovan (ROLE_ADMIN)  --- /admin 
anonymousUser (ROLE_ANONYMOUS)  --- /login 
vovan (ROLE_ADMIN)  --- /admin 
vovan (ROLE_ADMIN)  --- /specialty/add 
vovan (ROLE_ADMIN)  --- /admin 
anonymousUser (ROLE_ANONYMOUS)  --- /login 
vovan (ROLE_ADMIN)  --- /admin 
vovan (ROLE_ADMIN)  --- /specialty/add 
vovan (ROLE_ADMIN)  --- /admin 
anonymousUser (ROLE_ANONYMOUS)  --- /login 
vovan (ROLE_ADMIN)  --- /admin 
vovan (ROLE_ADMIN)  --- /specialty/add 
vovan (ROLE_ADMIN)  --- /admin 
anonymousUser (ROLE_ANONYMOUS)  --- /login 
anonymousUser (ROLE_ANONYMOUS)  --- /login 
vovan (ROLE_ADMIN)  --- /admin 
vovan (ROLE_ADMIN)  --- /specialty/add 
vovan (ROLE_ADMIN)  --- /admin 
anonymousUser (ROLE_ANONYMOUS)  --- /login 
vovan (ROLE_ADMIN)  --- /admin 
vovan (ROLE_ADMIN)  --- /specialty/add 
vovan (ROLE_ADMIN)  --- /admin 
anonymousUser (ROLE_ANONYMOUS)  --- /login 
anonymousUser (ROLE_ANONYMOUS)  --- /login 
vovan (ROLE_ADMIN)  --- / 
vovan (ROLE_ADMIN)  --- /favicon.ico 
vovan (ROLE_ADMIN)  --- /admin 
vovan (ROLE_ADMIN)  --- /admin 
vovan (ROLE_ADMIN)  --- /admin 
vovan (ROLE_ADMIN)  --- /admin 
vovan (ROLE_ADMIN)  --- /admin 
vovan (ROLE_ADMIN)  --- / 
vovan (ROLE_ADMIN)  --- /admin 
